src/features/admin/hooks/useExamAdminLogic.ts(230,47): error TS2589: Type instantiation is excessively deep and possibly infinite.
src/features/admin/hooks/useExamAdminLogic.ts(231,27): error TS2769: No overload matches this call.
  Overload 1 of 2, '(relation: "exam_sessions" | "problems" | "topics" | "app_config" | "arena_sessions" | "drafts" | "exam_answers" | "exam_eligibility" | "exam_results" | "exam_violations" | "leaderboard_achievements" | ... 11 more ... | "user_solved"): PostgrestQueryBuilder<...>', gave the following error.
    Argument of type '"admins"' is not assignable to parameter of type '"exam_sessions" | "problems" | "topics" | "app_config" | "arena_sessions" | "drafts" | "exam_answers" | "exam_eligibility" | "exam_results" | "exam_violations" | "leaderboard_achievements" | ... 11 more ... | "user_solved"'.
  Overload 2 of 2, '(relation: never): PostgrestQueryBuilder<{ PostgrestVersion: "13.0.5"; }, { Tables: { app_config: { Row: { key: string; value: string; }; Insert: { key: string; value: string; }; Update: { key?: string; value?: string; }; Relationships: []; }; ... 21 more ...; user_solved: { ...; }; }; Views: {}; Functions: { ...; }; Enums: { ...; }; CompositeTypes: {}; }, never, never, never>', gave the following error.
    Argument of type '"admins"' is not assignable to parameter of type 'never'.
src/features/admin/hooks/useExamAdminLogic.ts(237,55): error TS2589: Type instantiation is excessively deep and possibly infinite.
src/features/admin/hooks/useExamAdminLogic.ts(238,31): error TS2769: No overload matches this call.
  Overload 1 of 2, '(relation: "exam_sessions" | "problems" | "topics" | "app_config" | "arena_sessions" | "drafts" | "exam_answers" | "exam_eligibility" | "exam_results" | "exam_violations" | "leaderboard_achievements" | ... 11 more ... | "user_solved"): PostgrestQueryBuilder<...>', gave the following error.
    Argument of type '"exam_instances"' is not assignable to parameter of type '"exam_sessions" | "problems" | "topics" | "app_config" | "arena_sessions" | "drafts" | "exam_answers" | "exam_eligibility" | "exam_results" | "exam_violations" | "leaderboard_achievements" | ... 11 more ... | "user_solved"'.
  Overload 2 of 2, '(relation: never): PostgrestQueryBuilder<{ PostgrestVersion: "13.0.5"; }, { Tables: { app_config: { Row: { key: string; value: string; }; Insert: { key: string; value: string; }; Update: { key?: string; value?: string; }; Relationships: []; }; ... 21 more ...; user_solved: { ...; }; }; Views: {}; Functions: { ...; }; Enums: { ...; }; CompositeTypes: {}; }, never, never, never>', gave the following error.
    Argument of type '"exam_instances"' is not assignable to parameter of type 'never'.
src/features/admin/hooks/useExamAdminLogic.ts(240,52): error TS2339: Property 'id' does not exist on type 'SelectQueryError<"column 'id' does not exist on 'exam_sessions'."> | SelectQueryError<"column 'id' does not exist on 'problems'."> | ... 20 more ... | SelectQueryError<...>'.
  Property 'id' does not exist on type 'SelectQueryError<"column 'id' does not exist on 'exam_sessions'.">'.
src/features/admin/hooks/useExamAdminLogic.ts(243,67): error TS2339: Property 'id' does not exist on type 'SelectQueryError<"column 'id' does not exist on 'exam_sessions'."> | SelectQueryError<"column 'id' does not exist on 'problems'."> | ... 20 more ... | SelectQueryError<...>'.
  Property 'id' does not exist on type 'SelectQueryError<"column 'id' does not exist on 'exam_sessions'.">'.
src/features/admin/hooks/useMasterAdminLogic.ts(70,51): error TS2769: No overload matches this call.
  Overload 1 of 2, '(relation: "exam_sessions" | "problems" | "topics" | "app_config" | "arena_sessions" | "drafts" | "exam_answers" | "exam_eligibility" | "exam_results" | "exam_violations" | "leaderboard_achievements" | ... 11 more ... | "user_solved"): PostgrestQueryBuilder<...>', gave the following error.
    Argument of type '"admins"' is not assignable to parameter of type '"exam_sessions" | "problems" | "topics" | "app_config" | "arena_sessions" | "drafts" | "exam_answers" | "exam_eligibility" | "exam_results" | "exam_violations" | "leaderboard_achievements" | ... 11 more ... | "user_solved"'.
  Overload 2 of 2, '(relation: never): PostgrestQueryBuilder<{ PostgrestVersion: "13.0.5"; }, { Tables: { app_config: { Row: { key: string; value: string; }; Insert: { key: string; value: string; }; Update: { key?: string; value?: string; }; Relationships: []; }; ... 21 more ...; user_solved: { ...; }; }; Views: {}; Functions: { ...; }; Enums: { ...; }; CompositeTypes: {}; }, never, never, never>', gave the following error.
    Argument of type '"admins"' is not assignable to parameter of type 'never'.
src/features/host/hooks/useHostDashboardLogic.ts(79,19): error TS2769: No overload matches this call.
  Overload 1 of 2, '(relation: "exam_sessions" | "problems" | "topics" | "app_config" | "arena_sessions" | "drafts" | "exam_answers" | "exam_eligibility" | "exam_results" | "exam_violations" | "leaderboard_achievements" | ... 11 more ... | "user_solved"): PostgrestQueryBuilder<...>', gave the following error.
    Argument of type '"exam_instances"' is not assignable to parameter of type '"exam_sessions" | "problems" | "topics" | "app_config" | "arena_sessions" | "drafts" | "exam_answers" | "exam_eligibility" | "exam_results" | "exam_violations" | "leaderboard_achievements" | ... 11 more ... | "user_solved"'.
  Overload 2 of 2, '(relation: never): PostgrestQueryBuilder<{ PostgrestVersion: "13.0.5"; }, { Tables: { app_config: { Row: { key: string; value: string; }; Insert: { key: string; value: string; }; Update: { key?: string; value?: string; }; Relationships: []; }; ... 21 more ...; user_solved: { ...; }; }; Views: {}; Functions: { ...; }; Enums: { ...; }; CompositeTypes: {}; }, never, never, never>', gave the following error.
    Argument of type '"exam_instances"' is not assignable to parameter of type 'never'.
src/features/host/hooks/useHostDashboardLogic.ts(87,26): error TS2352: Conversion of type '({ ai_feedback: string; avg_time_per_question_seconds: number; created_at: string; detailed_analysis: string; exam_session_id: string; id: string; improvement_suggestions: string[]; max_score: number; ... 6 more ...; weak_concepts: string[]; } | ... 21 more ... | { ...; })[]' to type 'ExamInstance[]' may be a mistake because neither type sufficiently overlaps with the other. If this was intentional, convert the expression to 'unknown' first.
  Type '{ ai_feedback: string; avg_time_per_question_seconds: number; created_at: string; detailed_analysis: string; exam_session_id: string; id: string; improvement_suggestions: string[]; max_score: number; ... 6 more ...; weak_concepts: string[]; } | ... 21 more ... | { ...; }' is not comparable to type 'ExamInstance'.
    Type '{ attempts: number; best_memory_kb: number; best_runtime_ms: number; first_solved_at: string; id: string; last_attempt_at: string; problem_id: string; problem_slug: string; user_id: string; }' is missing the following properties from type 'ExamInstance': topic, start_time, end_time, duration_minutes, and 4 more.
src/features/host/hooks/useHostDashboardLogic.ts(94,19): error TS2769: No overload matches this call.
  Overload 1 of 2, '(relation: "exam_sessions" | "problems" | "topics" | "app_config" | "arena_sessions" | "drafts" | "exam_answers" | "exam_eligibility" | "exam_results" | "exam_violations" | "leaderboard_achievements" | ... 11 more ... | "user_solved"): PostgrestQueryBuilder<...>', gave the following error.
    Argument of type '"exam_instances"' is not assignable to parameter of type '"exam_sessions" | "problems" | "topics" | "app_config" | "arena_sessions" | "drafts" | "exam_answers" | "exam_eligibility" | "exam_results" | "exam_violations" | "leaderboard_achievements" | ... 11 more ... | "user_solved"'.
  Overload 2 of 2, '(relation: never): PostgrestQueryBuilder<{ PostgrestVersion: "13.0.5"; }, { Tables: { app_config: { Row: { key: string; value: string; }; Insert: { key: string; value: string; }; Update: { key?: string; value?: string; }; Relationships: []; }; ... 21 more ...; user_solved: { ...; }; }; Views: {}; Functions: { ...; }; Enums: { ...; }; CompositeTypes: {}; }, never, never, never>', gave the following error.
    Argument of type '"exam_instances"' is not assignable to parameter of type 'never'.
src/features/host/hooks/useHostDashboardLogic.ts(112,26): error TS2304: Cannot find name 'titles'.
src/features/host/hooks/useHostDashboardLogic.ts(113,25): error TS2304: Cannot find name 'titles'.
src/features/host/hooks/useHostDashboardLogic.ts(114,25): error TS2304: Cannot find name 'questions'.
src/features/host/hooks/useHostDashboardLogic.ts(123,32): error TS2304: Cannot find name 'questions'.
src/features/host/hooks/useHostDashboardLogic.ts(135,23): error TS2769: No overload matches this call.
  Overload 1 of 2, '(relation: "exam_sessions" | "problems" | "topics" | "app_config" | "arena_sessions" | "drafts" | "exam_answers" | "exam_eligibility" | "exam_results" | "exam_violations" | "leaderboard_achievements" | ... 11 more ... | "user_solved"): PostgrestQueryBuilder<...>', gave the following error.
    Argument of type '"admins"' is not assignable to parameter of type '"exam_sessions" | "problems" | "topics" | "app_config" | "arena_sessions" | "drafts" | "exam_answers" | "exam_eligibility" | "exam_results" | "exam_violations" | "leaderboard_achievements" | ... 11 more ... | "user_solved"'.
  Overload 2 of 2, '(relation: never): PostgrestQueryBuilder<{ PostgrestVersion: "13.0.5"; }, { Tables: { app_config: { Row: { key: string; value: string; }; Insert: { key: string; value: string; }; Update: { key?: string; value?: string; }; Relationships: []; }; ... 21 more ...; user_solved: { ...; }; }; Views: {}; Functions: { ...; }; Enums: { ...; }; CompositeTypes: {}; }, never, never, never>', gave the following error.
    Argument of type '"admins"' is not assignable to parameter of type 'never'.
src/features/host/hooks/useHostDashboardLogic.ts(141,54): error TS2589: Type instantiation is excessively deep and possibly infinite.
src/features/host/hooks/useHostDashboardLogic.ts(142,27): error TS2769: No overload matches this call.
  Overload 1 of 2, '(relation: "exam_sessions" | "problems" | "topics" | "app_config" | "arena_sessions" | "drafts" | "exam_answers" | "exam_eligibility" | "exam_results" | "exam_violations" | "leaderboard_achievements" | ... 11 more ... | "user_solved"): PostgrestQueryBuilder<...>', gave the following error.
    Argument of type '"admins"' is not assignable to parameter of type '"exam_sessions" | "problems" | "topics" | "app_config" | "arena_sessions" | "drafts" | "exam_answers" | "exam_eligibility" | "exam_results" | "exam_violations" | "leaderboard_achievements" | ... 11 more ... | "user_solved"'.
  Overload 2 of 2, '(relation: never): PostgrestQueryBuilder<{ PostgrestVersion: "13.0.5"; }, { Tables: { app_config: { Row: { key: string; value: string; }; Insert: { key: string; value: string; }; Update: { key?: string; value?: string; }; Relationships: []; }; ... 21 more ...; user_solved: { ...; }; }; Views: {}; Functions: { ...; }; Enums: { ...; }; CompositeTypes: {}; }, never, never, never>', gave the following error.
    Argument of type '"admins"' is not assignable to parameter of type 'never'.
src/features/host/hooks/useHostDashboardLogic.ts(147,50): error TS2339: Property 'id' does not exist on type '{ ai_feedback: string; avg_time_per_question_seconds: number; created_at: string; detailed_analysis: string; exam_session_id: string; id: string; improvement_suggestions: string[]; max_score: number; ... 6 more ...; weak_concepts: string[]; } | ... 21 more ... | { ...; }'.
  Property 'id' does not exist on type '{ key: string; value: string; }'.
src/features/host/hooks/useHostDashboardLogic.ts(189,72): error TS2769: No overload matches this call.
  Overload 1 of 2, '(relation: "exam_sessions" | "problems" | "topics" | "app_config" | "arena_sessions" | "drafts" | "exam_answers" | "exam_eligibility" | "exam_results" | "exam_violations" | "leaderboard_achievements" | ... 11 more ... | "user_solved"): PostgrestQueryBuilder<...>', gave the following error.
    Argument of type '"admins"' is not assignable to parameter of type '"exam_sessions" | "problems" | "topics" | "app_config" | "arena_sessions" | "drafts" | "exam_answers" | "exam_eligibility" | "exam_results" | "exam_violations" | "leaderboard_achievements" | ... 11 more ... | "user_solved"'.
  Overload 2 of 2, '(relation: never): PostgrestQueryBuilder<{ PostgrestVersion: "13.0.5"; }, { Tables: { app_config: { Row: { key: string; value: string; }; Insert: { key: string; value: string; }; Update: { key?: string; value?: string; }; Relationships: []; }; ... 21 more ...; user_solved: { ...; }; }; Views: {}; Functions: { ...; }; Enums: { ...; }; CompositeTypes: {}; }, never, never, never>', gave the following error.
    Argument of type '"admins"' is not assignable to parameter of type 'never'.
src/features/host/hooks/useHostDashboardLogic.ts(201,36): error TS2339: Property 'admin_code' does not exist on type 'SelectQueryError<"column 'admin_code' does not exist on 'exam_sessions'."> | SelectQueryError<"column 'admin_code' does not exist on 'problems'."> | ... 20 more ... | SelectQueryError<...>'.
  Property 'admin_code' does not exist on type 'SelectQueryError<"column 'admin_code' does not exist on 'exam_sessions'.">'.
src/features/host/hooks/useHostDashboardLogic.ts(202,39): error TS2339: Property 'admin_code' does not exist on type 'SelectQueryError<"column 'admin_code' does not exist on 'exam_sessions'."> | SelectQueryError<"column 'admin_code' does not exist on 'problems'."> | ... 20 more ... | SelectQueryError<...>'.
  Property 'admin_code' does not exist on type 'SelectQueryError<"column 'admin_code' does not exist on 'exam_sessions'.">'.
src/features/host/hooks/useHostDashboardLogic.ts(203,38): error TS2339: Property 'is_root' does not exist on type 'SelectQueryError<"column 'admin_code' does not exist on 'exam_sessions'."> | SelectQueryError<"column 'admin_code' does not exist on 'problems'."> | ... 20 more ... | SelectQueryError<...>'.
  Property 'is_root' does not exist on type 'SelectQueryError<"column 'admin_code' does not exist on 'exam_sessions'.">'.
src/features/host/hooks/useHostDashboardLogic.ts(224,32): error TS2589: Type instantiation is excessively deep and possibly infinite.
src/features/host/hooks/useHostDashboardLogic.ts(225,27): error TS2769: No overload matches this call.
  Overload 1 of 2, '(relation: "exam_sessions" | "problems" | "topics" | "app_config" | "arena_sessions" | "drafts" | "exam_answers" | "exam_eligibility" | "exam_results" | "exam_violations" | "leaderboard_achievements" | ... 11 more ... | "user_solved"): PostgrestQueryBuilder<...>', gave the following error.
    Argument of type '"exam_instances"' is not assignable to parameter of type '"exam_sessions" | "problems" | "topics" | "app_config" | "arena_sessions" | "drafts" | "exam_answers" | "exam_eligibility" | "exam_results" | "exam_violations" | "leaderboard_achievements" | ... 11 more ... | "user_solved"'.
  Overload 2 of 2, '(relation: never): PostgrestQueryBuilder<{ PostgrestVersion: "13.0.5"; }, { Tables: { app_config: { Row: { key: string; value: string; }; Insert: { key: string; value: string; }; Update: { key?: string; value?: string; }; Relationships: []; }; ... 21 more ...; user_solved: { ...; }; }; Views: {}; Functions: { ...; }; Enums: { ...; }; CompositeTypes: {}; }, never, never, never>', gave the following error.
    Argument of type '"exam_instances"' is not assignable to parameter of type 'never'.
src/features/host/hooks/useHostDashboardLogic.ts(241,27): error TS2769: No overload matches this call.
  Overload 1 of 2, '(relation: "exam_sessions" | "problems" | "topics" | "app_config" | "arena_sessions" | "drafts" | "exam_answers" | "exam_eligibility" | "exam_results" | "exam_violations" | "leaderboard_achievements" | ... 11 more ... | "user_solved"): PostgrestQueryBuilder<...>', gave the following error.
    Argument of type '"exam_instances"' is not assignable to parameter of type '"exam_sessions" | "problems" | "topics" | "app_config" | "arena_sessions" | "drafts" | "exam_answers" | "exam_eligibility" | "exam_results" | "exam_violations" | "leaderboard_achievements" | ... 11 more ... | "user_solved"'.
  Overload 2 of 2, '(relation: never): PostgrestQueryBuilder<{ PostgrestVersion: "13.0.5"; }, { Tables: { app_config: { Row: { key: string; value: string; }; Insert: { key: string; value: string; }; Update: { key?: string; value?: string; }; Relationships: []; }; ... 21 more ...; user_solved: { ...; }; }; Views: {}; Functions: { ...; }; Enums: { ...; }; CompositeTypes: {}; }, never, never, never>', gave the following error.
    Argument of type '"exam_instances"' is not assignable to parameter of type 'never'.
src/features/host/hooks/useHostDashboardLogic.ts(243,25): error TS2769: No overload matches this call.
  Overload 1 of 2, '(values: { key: string; value: string; } | { attempts_count?: number; completed_at?: string; created_at?: string; difficulty: "easy" | "medium" | "hard"; hints_used?: boolean; id?: string; mode: "practice" | "interview"; ... 10 more ...; user_id: string; } | ... 20 more ... | { ...; }, options?: { ...; }): PostgrestFilterBuilder<...>', gave the following error.
    Object literal may only specify known properties, and 'host_admin_id' does not exist in type '{ key: string; value: string; } | { attempts_count?: number; completed_at?: string; created_at?: string; difficulty: "easy" | "medium" | "hard"; hints_used?: boolean; id?: string; mode: "practice" | "interview"; ... 10 more ...; user_id: string; } | ... 20 more ... | { ...; }'.
  Overload 2 of 2, '(values: ({ key: string; value: string; } | { attempts_count?: number; completed_at?: string; created_at?: string; difficulty: "easy" | "medium" | "hard"; hints_used?: boolean; id?: string; mode: "practice" | "interview"; ... 10 more ...; user_id: string; } | ... 20 more ... | { ...; })[], options?: { ...; }): PostgrestFilterBuilder<...>', gave the following error.
    Object literal may only specify known properties, and 'host_admin_id' does not exist in type '({ key: string; value: string; } | { attempts_count?: number; completed_at?: string; created_at?: string; difficulty: "easy" | "medium" | "hard"; hints_used?: boolean; id?: string; mode: "practice" | "interview"; ... 10 more ...; user_id: string; } | ... 20 more ... | { ...; })[]'.
src/features/host/hooks/useHostDashboardLogic.ts(322,51): error TS2769: No overload matches this call.
  Overload 1 of 2, '(relation: "exam_sessions" | "problems" | "topics" | "app_config" | "arena_sessions" | "drafts" | "exam_answers" | "exam_eligibility" | "exam_results" | "exam_violations" | "leaderboard_achievements" | ... 11 more ... | "user_solved"): PostgrestQueryBuilder<...>', gave the following error.
    Argument of type '"exam_questions"' is not assignable to parameter of type '"exam_sessions" | "problems" | "topics" | "app_config" | "arena_sessions" | "drafts" | "exam_answers" | "exam_eligibility" | "exam_results" | "exam_violations" | "leaderboard_achievements" | ... 11 more ... | "user_solved"'.
  Overload 2 of 2, '(relation: never): PostgrestQueryBuilder<{ PostgrestVersion: "13.0.5"; }, { Tables: { app_config: { Row: { key: string; value: string; }; Insert: { key: string; value: string; }; Update: { key?: string; value?: string; }; Relationships: []; }; ... 21 more ...; user_solved: { ...; }; }; Views: {}; Functions: { ...; }; Enums: { ...; }; CompositeTypes: {}; }, never, never, never>', gave the following error.
    Argument of type '"exam_questions"' is not assignable to parameter of type 'never'.
src/features/host/hooks/useHostDashboardLogic.ts(328,33): error TS2769: No overload matches this call.
  Overload 1 of 2, '(relation: "exam_sessions" | "problems" | "topics" | "app_config" | "arena_sessions" | "drafts" | "exam_answers" | "exam_eligibility" | "exam_results" | "exam_violations" | "leaderboard_achievements" | ... 11 more ... | "user_solved"): PostgrestQueryBuilder<...>', gave the following error.
    Argument of type '"exam_instances"' is not assignable to parameter of type '"exam_sessions" | "problems" | "topics" | "app_config" | "arena_sessions" | "drafts" | "exam_answers" | "exam_eligibility" | "exam_results" | "exam_violations" | "leaderboard_achievements" | ... 11 more ... | "user_solved"'.
  Overload 2 of 2, '(relation: never): PostgrestQueryBuilder<{ PostgrestVersion: "13.0.5"; }, { Tables: { app_config: { Row: { key: string; value: string; }; Insert: { key: string; value: string; }; Update: { key?: string; value?: string; }; Relationships: []; }; ... 21 more ...; user_solved: { ...; }; }; Views: {}; Functions: { ...; }; Enums: { ...; }; CompositeTypes: {}; }, never, never, never>', gave the following error.
    Argument of type '"exam_instances"' is not assignable to parameter of type 'never'.
src/features/host/hooks/useHostDashboardLogic.ts(345,46): error TS2589: Type instantiation is excessively deep and possibly infinite.
src/features/host/hooks/useHostDashboardLogic.ts(355,19): error TS2589: Type instantiation is excessively deep and possibly infinite.
src/features/host/hooks/useHostDashboardLogic.ts(355,33): error TS2769: No overload matches this call.
  Overload 1 of 2, '(relation: "exam_sessions" | "problems" | "topics" | "app_config" | "arena_sessions" | "drafts" | "exam_answers" | "exam_eligibility" | "exam_results" | "exam_violations" | "leaderboard_achievements" | ... 11 more ... | "user_solved"): PostgrestQueryBuilder<...>', gave the following error.
    Argument of type '"exam_questions"' is not assignable to parameter of type '"exam_sessions" | "problems" | "topics" | "app_config" | "arena_sessions" | "drafts" | "exam_answers" | "exam_eligibility" | "exam_results" | "exam_violations" | "leaderboard_achievements" | ... 11 more ... | "user_solved"'.
  Overload 2 of 2, '(relation: never): PostgrestQueryBuilder<{ PostgrestVersion: "13.0.5"; }, { Tables: { app_config: { Row: { key: string; value: string; }; Insert: { key: string; value: string; }; Update: { key?: string; value?: string; }; Relationships: []; }; ... 21 more ...; user_solved: { ...; }; }; Views: {}; Functions: { ...; }; Enums: { ...; }; CompositeTypes: {}; }, never, never, never>', gave the following error.
    Argument of type '"exam_questions"' is not assignable to parameter of type 'never'.
src/features/host/hooks/useHostDashboardLogic.ts(356,51): error TS2769: No overload matches this call.
  Overload 1 of 2, '(relation: "exam_sessions" | "problems" | "topics" | "app_config" | "arena_sessions" | "drafts" | "exam_answers" | "exam_eligibility" | "exam_results" | "exam_violations" | "leaderboard_achievements" | ... 11 more ... | "user_solved"): PostgrestQueryBuilder<...>', gave the following error.
    Argument of type '"exam_instances"' is not assignable to parameter of type '"exam_sessions" | "problems" | "topics" | "app_config" | "arena_sessions" | "drafts" | "exam_answers" | "exam_eligibility" | "exam_results" | "exam_violations" | "leaderboard_achievements" | ... 11 more ... | "user_solved"'.
  Overload 2 of 2, '(relation: never): PostgrestQueryBuilder<{ PostgrestVersion: "13.0.5"; }, { Tables: { app_config: { Row: { key: string; value: string; }; Insert: { key: string; value: string; }; Update: { key?: string; value?: string; }; Relationships: []; }; ... 21 more ...; user_solved: { ...; }; }; Views: {}; Functions: { ...; }; Enums: { ...; }; CompositeTypes: {}; }, never, never, never>', gave the following error.
    Argument of type '"exam_instances"' is not assignable to parameter of type 'never'.
src/pages/Profile.tsx(218,31): error TS2322: Type '{ hideLabel: true; }' is not assignable to type 'IntrinsicAttributes & LivesDisplayProps'.
  Property 'hideLabel' does not exist on type 'IntrinsicAttributes & LivesDisplayProps'.
